-------------------------------------------------------------------------------
Test set: TestSuite
-------------------------------------------------------------------------------
Tests run: 5, Failures: 2, Errors: 0, Skipped: 3, Time elapsed: 1.713 s <<< FAILURE! - in TestSuite
beforeClass(com.nopcommerce.user.TC_01_Lv19_Multiple_Enviroment_With_Java_Owner)  Time elapsed: 1.554 s  <<< FAILURE!
java.lang.NullPointerException
	at com.nopcommerce.user.TC_01_Lv19_Multiple_Enviroment_With_Java_Owner.beforeClass(TC_01_Lv19_Multiple_Enviroment_With_Java_Owner.java:29)

afterClass(com.nopcommerce.user.TC_01_Lv19_Multiple_Enviroment_With_Java_Owner)  Time elapsed: 1.596 s  <<< FAILURE!
java.lang.NullPointerException
	at com.nopcommerce.user.TC_01_Lv19_Multiple_Enviroment_With_Java_Owner.afterClass(TC_01_Lv19_Multiple_Enviroment_With_Java_Owner.java:148)

