<?xml version="1.0" encoding="UTF-8"?>
<!-- Generated by org.testng.reporters.JUnitXMLReporter -->
<testsuite ignored="0" hostname="VN-TanTranDinh2" failures="0" tests="3" name="Run on CHROME" time="11.583" errors="0" timestamp="04 Aug 2023 09:56:56 GMT">
  <testcase classname="com.nopcommerce.user.TC_01_Lv18_Manage_Test_Data_I" name="TC_01_Register_Account" time="3.64"/>
  <testcase classname="com.nopcommerce.user.TC_01_Lv18_Manage_Test_Data_I" name="TC_02_Login_Page" time="1.906"/>
  <testcase classname="com.nopcommerce.user.TC_01_Lv18_Manage_Test_Data_I" name="TC_03_Verify_Data" time="1.12"/>
</testsuite> <!-- Run on CHROME -->
